make all --print-data-base --no-builtin-variables --no-builtin-rules --question
# GNU Make 4.3
# Built for x86_64-pc-linux-gnu
# Copyright (C) 1988-2020 Free Software Foundation, Inc.
# License GPLv3+: GNU GPL version 3 or later <http://gnu.org/licenses/gpl.html>
# This is free software: you are free to change and redistribute it.
# There is NO WARRANTY, to the extent permitted by law.

# Make data base, printed on Fri Jul  8 23:15:59 2022

# Variables

# environment
GDK_BACKEND = x11
# makefile (from 'Makefile', line 81)
AS = $(PREFIX)gcc -x assembler-with-cpp
# makefile (from 'Makefile', line 147)
LIBDIR = 
# environment
LC_ALL = C
# environment
NO_AT_BRIDGE = 1
# environment
GJS_DEBUG_OUTPUT = stderr
# environment
CSF_EXCEPTION_PROMPT = 1
# environment
GNOME_KEYRING_CONTROL = /run/user/1000/keyring
# environment
CSF_XmlOcafResource = /usr/share/opencascade/resources/XmlOcafResource
# environment
VSCODE_CWD = /home/bma
# environment
WINDOWPATH = 1
# makefile (from 'Makefile', line 146)
LIBS = -lc -lm -lnosys 
# environment
MMGT_CLEAR = 1
# makefile (from 'Makefile', line 117)
C_INCLUDES = -ICore/Inc -IDrivers/STM32F1xx_HAL_Driver/Inc -IDrivers/STM32F1xx_HAL_Driver/Inc/Legacy -IDrivers/CMSIS/Device/ST/STM32F1xx/Include -IDrivers/CMSIS/Include
# environment
CSF_XCAFDefaults = /usr/share/opencascade/resources/StdResource
# environment
CSF_PluginDefaults = /usr/share/opencascade/resources/StdResource
# makefile (from 'Makefile', line 83)
SZ = $(PREFIX)size
# environment
CASROOT = /usr
# default
MAKE_COMMAND := make
# environment
GTK3_MODULES = xapp-gtk3-module
# automatic
@D = $(patsubst %/,%,$(dir $@))
# makefile (from 'Makefile', line 108)
C_DEFS = -DUSE_HAL_DRIVER -DSTM32F103xB
# environment
VSCODE_HANDLES_UNCAUGHT_ERRORS = true
# default
.VARIABLES := 
# environment
PWD = /home/bma/Projects/stm32/f1_ssd1306_test
# automatic
%D = $(patsubst %/,%,$(dir $%))
# environment
MAIL = /var/spool/mail/bma
# automatic
^D = $(patsubst %/,%,$(dir $^))
# automatic
%F = $(notdir $%)
# environment
VSCODE_CODE_CACHE_PATH = /home/bma/.config/Code/CachedData/92d25e35d9bf1a6b16f7d0758f25d48ace11e5b9
# makefile (from 'Makefile', line 105)
AS_DEFS = 
# environment
CSF_ShadersDirectory = /usr/share/opencascade/resources/Shaders
# environment
LANG = C
# environment
XAUTHORITY = /home/bma/.Xauthority
# default
.LOADED := 
# default
.INCLUDE_DIRS = /usr/include /usr/local/include /usr/include
# makefile
MAKEFLAGS = pqrR
# makefile
CURDIR := /home/bma/Projects/stm32/f1_ssd1306_test
# makefile (from 'Makefile', line 85)
HEX = $(CP) -O ihex
# environment
APPLICATION_INSIGHTS_NO_DIAGNOSTIC_CHANNEL = 1
# makefile (from 'Makefile', line 143)
LDSCRIPT = STM32F103C8Tx_FLASH.ld
# automatic
*D = $(patsubst %/,%,$(dir $*))
# environment
MFLAGS = -pqrR
# environment
SSH_AUTH_SOCK = /run/user/1000/keyring/ssh
# default
.SHELLFLAGS := -c
# environment
CSF_MDTVTexturesDirectory = /usr/share/opencascade/resources/Textures
# automatic
+D = $(patsubst %/,%,$(dir $+))
# makefile (from 'build/system_stm32f1xx.d', line 1)
MAKEFILE_LIST := Makefile build/gpio.d build/main.d build/spi.d build/ssd1306.d build/ssd1306_fonts.d build/ssd1306_tests.d build/startup_stm32f103xb.d build/stm32f1xx_hal.d build/stm32f1xx_hal_cortex.d build/stm32f1xx_hal_dma.d build/stm32f1xx_hal_exti.d build/stm32f1xx_hal_flash.d build/stm32f1xx_hal_flash_ex.d build/stm32f1xx_hal_gpio.d build/stm32f1xx_hal_gpio_ex.d build/stm32f1xx_hal_msp.d build/stm32f1xx_hal_pwr.d build/stm32f1xx_hal_rcc.d build/stm32f1xx_hal_rcc_ex.d build/stm32f1xx_hal_spi.d build/stm32f1xx_hal_tim.d build/stm32f1xx_hal_tim_ex.d build/stm32f1xx_it.d build/system_stm32f1xx.d
# makefile (from 'Makefile', line 126)
ASFLAGS = $(MCU) $(AS_DEFS) $(AS_INCLUDES) $(OPT) -Wall -fdata-sections -ffunction-sections
# automatic
@F = $(notdir $@)
# environment
VSCODE_PID = 53886
# environment
XDG_SESSION_TYPE = tty
# environment
CUDA_PATH = /opt/cuda
# automatic
?D = $(patsubst %/,%,$(dir $?))
# makefile (from 'Makefile', line 114)
AS_INCLUDES = 
# environment
CSF_XSMessage = /usr/share/opencascade/resources/XSMessage
# makefile (from 'Makefile', line 82)
CP = $(PREFIX)objcopy
# environment
DRAWDEFAULT = /usr/share/opencascade/resources/DrawResources/DrawDefault
# environment
SESSION_MANAGER = local/doom:@/tmp/.ICE-unix/511,unix/doom:/tmp/.ICE-unix/511
# automatic
*F = $(notdir $*)
# environment
CHROME_DESKTOP = code-url-handler.desktop
# environment
CSF_SHMessage = /usr/share/opencascade/resources/SHMessage
# environment
DBUS_SESSION_BUS_ADDRESS = unix:path=/run/user/1000/bus
# automatic
<D = $(patsubst %/,%,$(dir $<))
# environment
VSCODE_NLS_CONFIG = {"locale":"ru","availableLanguages":{"*":"ru"},"_languagePackId":"0c710195abefcb157427091a54303bfc.ru","_translationsConfigFile":"/home/bma/.config/Code/clp/0c710195abefcb157427091a54303bfc.ru/tcf.json","_cacheRoot":"/home/bma/.config/Code/clp/0c710195abefcb157427091a54303bfc.ru","_resolvedLanguagePackCoreLocation":"/home/bma/.config/Code/clp/0c710195abefcb157427091a54303bfc.ru/92d25e35d9bf1a6b16f7d0758f25d48ace11e5b9","_corruptedFile":"/home/bma/.config/Code/clp/0c710195abefcb157427091a54303bfc.ru/corrupted.info","_languagePackSupport":true}
# default
MAKE_HOST := x86_64-pc-linux-gnu
# environment
GNOME_DESKTOP_SESSION_ID = this-is-deprecated
# makefile
SHELL = /bin/sh
# default
MAKECMDGOALS := all
# environment
GJS_DEBUG_TOPICS = JS ERROR;JS LOG
# environment
SHLVL = 2
# environment
CSF_TObjDefaults = /usr/share/opencascade/resources/StdResource
# environment
MAKELEVEL := 0
# default
MAKE = $(MAKE_COMMAND)
# environment
PATH = /usr/local/sbin:/usr/local/bin:/usr/bin:/opt/cuda/bin:/opt/cuda/nsight_compute:/opt/cuda/nsight_systems/bin:/usr/lib/jvm/default/bin:/usr/bin/site_perl:/usr/bin/vendor_perl:/usr/bin/core_perl
# default
MAKEFILES := 
# environment
MOTD_SHOWN = pam
# environment
CSF_OCCTResourcePath = /usr/share/opencascade/resources
# automatic
^F = $(notdir $^)
# environment
CINNAMON_VERSION = 5.4.2
# makefile (from 'Makefile', line 71)
PREFIX = arm-none-eabi-
# makefile (from 'Makefile', line 92)
CPU = -mcpu=cortex-m3
# environment
CSF_StandardLiteDefaults = /usr/share/opencascade/resources/StdResource
# environment
CSF_STEPDefaults = /usr/share/opencascade/resources/XSTEPResource
# automatic
?F = $(notdir $?)
# environment
AUTOJUMP_SOURCED = 1
# environment
XDG_SEAT = seat0
# environment
XDG_CURRENT_DESKTOP = X-Cinnamon
# environment
CSF_MIGRATION_TYPES = /usr/share/opencascade/resources/StdResource/MigrationSheet.txt
# automatic
+F = $(notdir $+)
# environment
ORIGINAL_XDG_CURRENT_DESKTOP = X-Cinnamon
# makefile (from 'Makefile', line 161)
OBJECTS = $(addprefix $(BUILD_DIR)/,$(notdir $(C_SOURCES:.c=.o))) $(addprefix $(BUILD_DIR)/,$(notdir $(ASM_SOURCES:.s=.o)))
# 'override' directive
GNUMAKEFLAGS := 
# environment
BROWSER = firefox
# environment
LOGNAME = bma
# makefile (from 'Makefile', line 25)
OPT = -Og
# environment
CSF_LANGUAGE = us
# environment
GIO_LAUNCHED_DESKTOP_FILE = /usr/share/applications/visual-studio-code.desktop
# environment
XDG_VTNR = 1
# makefile
.DEFAULT_GOAL := all
# environment
AUTOJUMP_ERROR_PATH = /home/bma/.local/share/autojump/errors.log
# environment
CSF_TObjMessage = /usr/share/opencascade/resources/TObj
# environment
EDITOR = nvim
# environment
DISPLAY = :0
# environment
GTK_MODULES = canberra-gtk-module
# environment
USER = bma
# default
MAKE_VERSION := 4.3
# makefile (from 'Makefile', line 148)
LDFLAGS = $(MCU) -specs=nano.specs -T$(LDSCRIPT) $(LIBDIR) $(LIBS) -Wl,-Map=$(BUILD_DIR)/$(TARGET).map,--cref -Wl,--gc-sections
# makefile (from 'Makefile', line 101)
MCU = $(CPU) -mthumb $(FPU) $(FLOAT-ABI)
# environment
GIO_LAUNCHED_DESKTOP_FILE_PID = 53869
# environment
_ = /usr/bin/make
# makefile (from 'Makefile', line 86)
BIN = $(CP) -O binary -S
# environment
XDG_RUNTIME_DIR = /run/user/1000
# makefile (from 'Makefile', line 136)
CFLAGS = $(MCU) $(C_DEFS) $(C_INCLUDES) $(OPT) -Wall -fdata-sections -ffunction-sections -g -gdwarf-2 -MMD -MP -MF"$(@:%.o=%.d)"
# environment
GTK_OVERLAY_SCROLLING = 1
# environment
CSF_DrawPluginDefaults = /usr/share/opencascade/resources/DrawResources
# environment
CSF_IGESDefaults = /usr/share/opencascade/resources/XSTEPResource
# environment
XDG_SESSION_CLASS = user
# environment
VSCODE_AMD_ENTRYPOINT = vs/workbench/api/node/extensionHostProcess
# makefile (from 'Makefile', line 32)
BUILD_DIR = build
# environment
HOME = /home/bma
# environment
_JAVA_OPTIONS = -Dawt.useSystemAAFontSettings=lcd_hrgb
# environment
ELECTRON_RUN_AS_NODE = 1
# environment
DRAWHOME = /usr/share/opencascade/resources/DrawResources
# environment
VSCODE_IPC_HOOK = /run/user/1000/vscode-5227a44c-1.69.0-main.sock
# environment
TERM = xterm-256color
# environment
XDG_SESSION_ID = 1
# default
.RECIPEPREFIX := 
# automatic
<F = $(notdir $<)
# makefile (from 'Makefile', line 38)
C_SOURCES = Core/Src/main.c Core/ssd1306/ssd1306.c Core/ssd1306/ssd1306_fonts.c Core/ssd1306/ssd1306_tests.c Core/Src/stm32f1xx_it.c Core/Src/stm32f1xx_hal_msp.c Drivers/STM32F1xx_HAL_Driver/Src/stm32f1xx_hal_gpio_ex.c Drivers/STM32F1xx_HAL_Driver/Src/stm32f1xx_hal_tim.c Drivers/STM32F1xx_HAL_Driver/Src/stm32f1xx_hal_tim_ex.c Drivers/STM32F1xx_HAL_Driver/Src/stm32f1xx_hal.c Drivers/STM32F1xx_HAL_Driver/Src/stm32f1xx_hal_rcc.c Drivers/STM32F1xx_HAL_Driver/Src/stm32f1xx_hal_rcc_ex.c Drivers/STM32F1xx_HAL_Driver/Src/stm32f1xx_hal_gpio.c Drivers/STM32F1xx_HAL_Driver/Src/stm32f1xx_hal_dma.c Drivers/STM32F1xx_HAL_Driver/Src/stm32f1xx_hal_cortex.c Drivers/STM32F1xx_HAL_Driver/Src/stm32f1xx_hal_pwr.c Drivers/STM32F1xx_HAL_Driver/Src/stm32f1xx_hal_flash.c Drivers/STM32F1xx_HAL_Driver/Src/stm32f1xx_hal_flash_ex.c Drivers/STM32F1xx_HAL_Driver/Src/stm32f1xx_hal_exti.c Core/Src/system_stm32f1xx.c Core/Src/gpio.c Core/Src/spi.c Drivers/STM32F1xx_HAL_Driver/Src/stm32f1xx_hal_spi.c
# default
SUFFIXES := 
# makefile (from 'Makefile', line 16)
TARGET = f1_ssd1306_test
# environment
VSCODE_CLI = 1
# environment
ELECTRON_NO_ATTACH_CONSOLE = 1
# makefile (from 'Makefile', line 64)
ASM_SOURCES = startup_stm32f103xb.s
# environment
CSF_StandardDefaults = /usr/share/opencascade/resources/StdResource
# makefile (from 'Makefile', line 23)
DEBUG = 1
# default
.FEATURES := target-specific order-only second-expansion else-if shortest-stem undefine oneshell nocomment grouped-target extra-prereqs archives jobserver output-sync check-symlink guile load
# makefile (from 'Makefile', line 80)
CC = $(PREFIX)gcc
 
# variable set hash-table stats:
# Load=139/1024=14%, Rehash=0, Collisions=15/267=6%

# Pattern-specific Variable Values

# No pattern-specific variable values.

# Directories

# build (device 2052, inode 1720340): 77 files, no impossibilities.
# . (device 2052, inode 1720321): 15 files, no impossibilities.
# Core/ssd1306 (device 2052, inode 1720341): No files, no impossibilities so far.
# Core/Src (device 2052, inode 1720324): No files, no impossibilities so far.
# Drivers/STM32F1xx_HAL_Driver/Src (device 2052, inode 1720333): No files, no impossibilities so far.

# 92 files, no impossibilities in 5 directories.

# Implicit Rules

build/%.o: %.c Makefile | build
#  recipe to execute (from 'Makefile', line 165):
	$(CC) -c $(CFLAGS) -Wa,-a,-ad,-alms=$(BUILD_DIR)/$(notdir $(<:.c=.lst)) $< -o $@

build/%.o: %.s Makefile | build
#  recipe to execute (from 'Makefile', line 168):
	$(AS) -c $(CFLAGS) $< -o $@

build/%.hex: build/%.elf | build
#  recipe to execute (from 'Makefile', line 175):
	$(HEX) $< $@
	

build/%.bin: build/%.elf | build
#  recipe to execute (from 'Makefile', line 178):
	$(BIN) $< $@	
	

# 4 implicit rules, 0 (0.0%) terminal.
# Files

build/ssd1306_fonts.o: Core/ssd1306/ssd1306_fonts.c Core/ssd1306/ssd1306_fonts.h Core/ssd1306/ssd1306_conf.h
#  Implicit rule search has not been done.
#  Modification time never checked.
#  File has not been updated.

Drivers/STM32F1xx_HAL_Driver/Inc/stm32f1xx_hal_dma.h:
#  Implicit rule search has been done.
#  Last modified 2022-07-08 23:00:57.614375277
#  File has been updated.
#  Successfully updated.

Drivers/STM32F1xx_HAL_Driver/Inc/stm32f1xx_hal_cortex.h:
#  Implicit rule search has been done.
#  Last modified 2022-07-08 23:00:57.614375277
#  File has been updated.
#  Successfully updated.

# Not a target:
Core/Src/system_stm32f1xx.c:
#  Implicit rule search has not been done.
#  Modification time never checked.
#  File has not been updated.

Drivers/STM32F1xx_HAL_Driver/Inc/stm32f1xx_hal_spi.h:
#  Implicit rule search has been done.
#  Last modified 2022-07-08 23:00:57.611041899
#  File has been updated.
#  Successfully updated.

Core/Inc/main.h:
#  Implicit rule search has been done.
#  Last modified 2022-07-08 22:32:10.408
#  File has been updated.
#  Successfully updated.

# Not a target:
Drivers/STM32F1xx_HAL_Driver/Src/stm32f1xx_hal.c:
#  Implicit rule search has not been done.
#  Modification time never checked.
#  File has not been updated.

# Not a target:
build/ssd1306_fonts.d:
#  Implicit rule search has been done.
#  Last modified 2022-07-08 22:57:02.727913344
#  File has been updated.
#  Successfully updated.

build/spi.o: Core/Src/spi.c Core/Inc/spi.h Core/Inc/main.h Drivers/STM32F1xx_HAL_Driver/Inc/stm32f1xx_hal.h Core/Inc/stm32f1xx_hal_conf.h Drivers/STM32F1xx_HAL_Driver/Inc/stm32f1xx_hal_rcc.h Drivers/STM32F1xx_HAL_Driver/Inc/stm32f1xx_hal_def.h Drivers/CMSIS/Device/ST/STM32F1xx/Include/stm32f1xx.h Drivers/CMSIS/Device/ST/STM32F1xx/Include/stm32f103xb.h Drivers/CMSIS/Include/core_cm3.h Drivers/CMSIS/Include/cmsis_version.h Drivers/CMSIS/Include/cmsis_compiler.h Drivers/CMSIS/Include/cmsis_gcc.h Drivers/CMSIS/Device/ST/STM32F1xx/Include/system_stm32f1xx.h Drivers/STM32F1xx_HAL_Driver/Inc/Legacy/stm32_hal_legacy.h Drivers/STM32F1xx_HAL_Driver/Inc/stm32f1xx_hal_rcc_ex.h Drivers/STM32F1xx_HAL_Driver/Inc/stm32f1xx_hal_gpio.h Drivers/STM32F1xx_HAL_Driver/Inc/stm32f1xx_hal_gpio_ex.h Drivers/STM32F1xx_HAL_Driver/Inc/stm32f1xx_hal_exti.h Drivers/STM32F1xx_HAL_Driver/Inc/stm32f1xx_hal_dma.h Drivers/STM32F1xx_HAL_Driver/Inc/stm32f1xx_hal_dma_ex.h Drivers/STM32F1xx_HAL_Driver/Inc/stm32f1xx_hal_cortex.h Drivers/STM32F1xx_HAL_Driver/Inc/stm32f1xx_hal_flash.h Drivers/STM32F1xx_HAL_Driver/Inc/stm32f1xx_hal_flash_ex.h Drivers/STM32F1xx_HAL_Driver/Inc/stm32f1xx_hal_pwr.h Drivers/STM32F1xx_HAL_Driver/Inc/stm32f1xx_hal_spi.h
#  Implicit rule search has not been done.
#  Modification time never checked.
#  File has not been updated.

build/stm32f1xx_hal.o: Drivers/STM32F1xx_HAL_Driver/Src/stm32f1xx_hal.c Drivers/STM32F1xx_HAL_Driver/Inc/stm32f1xx_hal.h Core/Inc/stm32f1xx_hal_conf.h Drivers/STM32F1xx_HAL_Driver/Inc/stm32f1xx_hal_rcc.h Drivers/STM32F1xx_HAL_Driver/Inc/stm32f1xx_hal_def.h Drivers/CMSIS/Device/ST/STM32F1xx/Include/stm32f1xx.h Drivers/CMSIS/Device/ST/STM32F1xx/Include/stm32f103xb.h Drivers/CMSIS/Include/core_cm3.h Drivers/CMSIS/Include/cmsis_version.h Drivers/CMSIS/Include/cmsis_compiler.h Drivers/CMSIS/Include/cmsis_gcc.h Drivers/CMSIS/Device/ST/STM32F1xx/Include/system_stm32f1xx.h Drivers/STM32F1xx_HAL_Driver/Inc/Legacy/stm32_hal_legacy.h Drivers/STM32F1xx_HAL_Driver/Inc/stm32f1xx_hal_rcc_ex.h Drivers/STM32F1xx_HAL_Driver/Inc/stm32f1xx_hal_gpio.h Drivers/STM32F1xx_HAL_Driver/Inc/stm32f1xx_hal_gpio_ex.h Drivers/STM32F1xx_HAL_Driver/Inc/stm32f1xx_hal_exti.h Drivers/STM32F1xx_HAL_Driver/Inc/stm32f1xx_hal_dma.h Drivers/STM32F1xx_HAL_Driver/Inc/stm32f1xx_hal_dma_ex.h Drivers/STM32F1xx_HAL_Driver/Inc/stm32f1xx_hal_cortex.h Drivers/STM32F1xx_HAL_Driver/Inc/stm32f1xx_hal_flash.h Drivers/STM32F1xx_HAL_Driver/Inc/stm32f1xx_hal_flash_ex.h Drivers/STM32F1xx_HAL_Driver/Inc/stm32f1xx_hal_pwr.h Drivers/STM32F1xx_HAL_Driver/Inc/stm32f1xx_hal_spi.h
#  Implicit rule search has not been done.
#  Modification time never checked.
#  File has not been updated.

build/stm32f1xx_hal_gpio.o: Drivers/STM32F1xx_HAL_Driver/Src/stm32f1xx_hal_gpio.c Drivers/STM32F1xx_HAL_Driver/Inc/stm32f1xx_hal.h Core/Inc/stm32f1xx_hal_conf.h Drivers/STM32F1xx_HAL_Driver/Inc/stm32f1xx_hal_rcc.h Drivers/STM32F1xx_HAL_Driver/Inc/stm32f1xx_hal_def.h Drivers/CMSIS/Device/ST/STM32F1xx/Include/stm32f1xx.h Drivers/CMSIS/Device/ST/STM32F1xx/Include/stm32f103xb.h Drivers/CMSIS/Include/core_cm3.h Drivers/CMSIS/Include/cmsis_version.h Drivers/CMSIS/Include/cmsis_compiler.h Drivers/CMSIS/Include/cmsis_gcc.h Drivers/CMSIS/Device/ST/STM32F1xx/Include/system_stm32f1xx.h Drivers/STM32F1xx_HAL_Driver/Inc/Legacy/stm32_hal_legacy.h Drivers/STM32F1xx_HAL_Driver/Inc/stm32f1xx_hal_rcc_ex.h Drivers/STM32F1xx_HAL_Driver/Inc/stm32f1xx_hal_gpio.h Drivers/STM32F1xx_HAL_Driver/Inc/stm32f1xx_hal_gpio_ex.h Drivers/STM32F1xx_HAL_Driver/Inc/stm32f1xx_hal_exti.h Drivers/STM32F1xx_HAL_Driver/Inc/stm32f1xx_hal_dma.h Drivers/STM32F1xx_HAL_Driver/Inc/stm32f1xx_hal_dma_ex.h Drivers/STM32F1xx_HAL_Driver/Inc/stm32f1xx_hal_cortex.h Drivers/STM32F1xx_HAL_Driver/Inc/stm32f1xx_hal_flash.h Drivers/STM32F1xx_HAL_Driver/Inc/stm32f1xx_hal_flash_ex.h Drivers/STM32F1xx_HAL_Driver/Inc/stm32f1xx_hal_pwr.h Drivers/STM32F1xx_HAL_Driver/Inc/stm32f1xx_hal_spi.h
#  Implicit rule search has not been done.
#  Modification time never checked.
#  File has not been updated.

build/f1_ssd1306_test.elf: build/main.o build/ssd1306.o build/ssd1306_fonts.o build/ssd1306_tests.o build/stm32f1xx_it.o build/stm32f1xx_hal_msp.o build/stm32f1xx_hal_gpio_ex.o build/stm32f1xx_hal_tim.o build/stm32f1xx_hal_tim_ex.o build/stm32f1xx_hal.o build/stm32f1xx_hal_rcc.o build/stm32f1xx_hal_rcc_ex.o build/stm32f1xx_hal_gpio.o build/stm32f1xx_hal_dma.o build/stm32f1xx_hal_cortex.o build/stm32f1xx_hal_pwr.o build/stm32f1xx_hal_flash.o build/stm32f1xx_hal_flash_ex.o build/stm32f1xx_hal_exti.o build/system_stm32f1xx.o build/gpio.o build/spi.o build/stm32f1xx_hal_spi.o build/startup_stm32f103xb.o Makefile
#  Implicit rule search has not been done.
#  Last modified 2022-07-08 22:57:03.777927255
#  File has been updated.
#  Needs to be updated (-q is set).
# variable set hash-table stats:
# Load=0/32=0%, Rehash=0, Collisions=0/14=0%
#  recipe to execute (from 'Makefile', line 171):
	$(CC) $(OBJECTS) $(LDFLAGS) -o $@
	$(SZ) $@

# Not a target:
Drivers/STM32F1xx_HAL_Driver/Src/stm32f1xx_hal_dma.c:
#  Implicit rule search has not been done.
#  Modification time never checked.
#  File has not been updated.

build/stm32f1xx_hal_pwr.o: Drivers/STM32F1xx_HAL_Driver/Src/stm32f1xx_hal_pwr.c Drivers/STM32F1xx_HAL_Driver/Inc/stm32f1xx_hal.h Core/Inc/stm32f1xx_hal_conf.h Drivers/STM32F1xx_HAL_Driver/Inc/stm32f1xx_hal_rcc.h Drivers/STM32F1xx_HAL_Driver/Inc/stm32f1xx_hal_def.h Drivers/CMSIS/Device/ST/STM32F1xx/Include/stm32f1xx.h Drivers/CMSIS/Device/ST/STM32F1xx/Include/stm32f103xb.h Drivers/CMSIS/Include/core_cm3.h Drivers/CMSIS/Include/cmsis_version.h Drivers/CMSIS/Include/cmsis_compiler.h Drivers/CMSIS/Include/cmsis_gcc.h Drivers/CMSIS/Device/ST/STM32F1xx/Include/system_stm32f1xx.h Drivers/STM32F1xx_HAL_Driver/Inc/Legacy/stm32_hal_legacy.h Drivers/STM32F1xx_HAL_Driver/Inc/stm32f1xx_hal_rcc_ex.h Drivers/STM32F1xx_HAL_Driver/Inc/stm32f1xx_hal_gpio.h Drivers/STM32F1xx_HAL_Driver/Inc/stm32f1xx_hal_gpio_ex.h Drivers/STM32F1xx_HAL_Driver/Inc/stm32f1xx_hal_exti.h Drivers/STM32F1xx_HAL_Driver/Inc/stm32f1xx_hal_dma.h Drivers/STM32F1xx_HAL_Driver/Inc/stm32f1xx_hal_dma_ex.h Drivers/STM32F1xx_HAL_Driver/Inc/stm32f1xx_hal_cortex.h Drivers/STM32F1xx_HAL_Driver/Inc/stm32f1xx_hal_flash.h Drivers/STM32F1xx_HAL_Driver/Inc/stm32f1xx_hal_flash_ex.h Drivers/STM32F1xx_HAL_Driver/Inc/stm32f1xx_hal_pwr.h Drivers/STM32F1xx_HAL_Driver/Inc/stm32f1xx_hal_spi.h
#  Implicit rule search has not been done.
#  Modification time never checked.
#  File has not been updated.

Drivers/STM32F1xx_HAL_Driver/Inc/stm32f1xx_hal_exti.h:
#  Implicit rule search has been done.
#  Last modified 2022-07-08 23:00:57.614375277
#  File has been updated.
#  Successfully updated.

# Not a target:
Drivers/STM32F1xx_HAL_Driver/Src/stm32f1xx_hal_tim_ex.c:
#  Implicit rule search has not been done.
#  Modification time never checked.
#  File has not been updated.

build/stm32f1xx_hal_cortex.o: Drivers/STM32F1xx_HAL_Driver/Src/stm32f1xx_hal_cortex.c Drivers/STM32F1xx_HAL_Driver/Inc/stm32f1xx_hal.h Core/Inc/stm32f1xx_hal_conf.h Drivers/STM32F1xx_HAL_Driver/Inc/stm32f1xx_hal_rcc.h Drivers/STM32F1xx_HAL_Driver/Inc/stm32f1xx_hal_def.h Drivers/CMSIS/Device/ST/STM32F1xx/Include/stm32f1xx.h Drivers/CMSIS/Device/ST/STM32F1xx/Include/stm32f103xb.h Drivers/CMSIS/Include/core_cm3.h Drivers/CMSIS/Include/cmsis_version.h Drivers/CMSIS/Include/cmsis_compiler.h Drivers/CMSIS/Include/cmsis_gcc.h Drivers/CMSIS/Device/ST/STM32F1xx/Include/system_stm32f1xx.h Drivers/STM32F1xx_HAL_Driver/Inc/Legacy/stm32_hal_legacy.h Drivers/STM32F1xx_HAL_Driver/Inc/stm32f1xx_hal_rcc_ex.h Drivers/STM32F1xx_HAL_Driver/Inc/stm32f1xx_hal_gpio.h Drivers/STM32F1xx_HAL_Driver/Inc/stm32f1xx_hal_gpio_ex.h Drivers/STM32F1xx_HAL_Driver/Inc/stm32f1xx_hal_exti.h Drivers/STM32F1xx_HAL_Driver/Inc/stm32f1xx_hal_dma.h Drivers/STM32F1xx_HAL_Driver/Inc/stm32f1xx_hal_dma_ex.h Drivers/STM32F1xx_HAL_Driver/Inc/stm32f1xx_hal_cortex.h Drivers/STM32F1xx_HAL_Driver/Inc/stm32f1xx_hal_flash.h Drivers/STM32F1xx_HAL_Driver/Inc/stm32f1xx_hal_flash_ex.h Drivers/STM32F1xx_HAL_Driver/Inc/stm32f1xx_hal_pwr.h Drivers/STM32F1xx_HAL_Driver/Inc/stm32f1xx_hal_spi.h
#  Implicit rule search has not been done.
#  Modification time never checked.
#  File has not been updated.

build/stm32f1xx_hal_msp.o: Core/Src/stm32f1xx_hal_msp.c Core/Inc/main.h Drivers/STM32F1xx_HAL_Driver/Inc/stm32f1xx_hal.h Core/Inc/stm32f1xx_hal_conf.h Drivers/STM32F1xx_HAL_Driver/Inc/stm32f1xx_hal_rcc.h Drivers/STM32F1xx_HAL_Driver/Inc/stm32f1xx_hal_def.h Drivers/CMSIS/Device/ST/STM32F1xx/Include/stm32f1xx.h Drivers/CMSIS/Device/ST/STM32F1xx/Include/stm32f103xb.h Drivers/CMSIS/Include/core_cm3.h Drivers/CMSIS/Include/cmsis_version.h Drivers/CMSIS/Include/cmsis_compiler.h Drivers/CMSIS/Include/cmsis_gcc.h Drivers/CMSIS/Device/ST/STM32F1xx/Include/system_stm32f1xx.h Drivers/STM32F1xx_HAL_Driver/Inc/Legacy/stm32_hal_legacy.h Drivers/STM32F1xx_HAL_Driver/Inc/stm32f1xx_hal_rcc_ex.h Drivers/STM32F1xx_HAL_Driver/Inc/stm32f1xx_hal_gpio.h Drivers/STM32F1xx_HAL_Driver/Inc/stm32f1xx_hal_gpio_ex.h Drivers/STM32F1xx_HAL_Driver/Inc/stm32f1xx_hal_exti.h Drivers/STM32F1xx_HAL_Driver/Inc/stm32f1xx_hal_dma.h Drivers/STM32F1xx_HAL_Driver/Inc/stm32f1xx_hal_dma_ex.h Drivers/STM32F1xx_HAL_Driver/Inc/stm32f1xx_hal_cortex.h Drivers/STM32F1xx_HAL_Driver/Inc/stm32f1xx_hal_flash.h Drivers/STM32F1xx_HAL_Driver/Inc/stm32f1xx_hal_flash_ex.h Drivers/STM32F1xx_HAL_Driver/Inc/stm32f1xx_hal_pwr.h Drivers/STM32F1xx_HAL_Driver/Inc/stm32f1xx_hal_spi.h
#  Implicit rule search has not been done.
#  Modification time never checked.
#  File has not been updated.

# Not a target:
build/stm32f1xx_hal_flash.d:
#  Implicit rule search has been done.
#  Last modified 2022-07-08 22:57:03.114585133
#  File has been updated.
#  Successfully updated.

Drivers/STM32F1xx_HAL_Driver/Inc/stm32f1xx_hal_flash.h:
#  Implicit rule search has been done.
#  Last modified 2022-07-08 23:00:57.614375277
#  File has been updated.
#  Successfully updated.

# Not a target:
build/gpio.d:
#  Implicit rule search has been done.
#  Last modified 2022-07-08 22:57:02.867915199
#  File has been updated.
#  Successfully updated.

# Not a target:
startup_stm32f103xb.s:
#  Implicit rule search has not been done.
#  Modification time never checked.
#  File has not been updated.

# Not a target:
Core/ssd1306/ssd1306_fonts.c:
#  Implicit rule search has not been done.
#  Modification time never checked.
#  File has not been updated.

# Not a target:
build/stm32f1xx_hal_spi.d:
#  Implicit rule search has been done.
#  Last modified 2022-07-08 22:57:03.391255467
#  File has been updated.
#  Successfully updated.

# Not a target:
Core/Src/stm32f1xx_hal_msp.c:
#  Implicit rule search has not been done.
#  Modification time never checked.
#  File has not been updated.

Drivers/STM32F1xx_HAL_Driver/Inc/Legacy/stm32_hal_legacy.h:
#  Implicit rule search has been done.
#  Last modified 2022-07-08 23:00:57.611041899
#  File has been updated.
#  Successfully updated.

# Not a target:
Drivers/STM32F1xx_HAL_Driver/Src/stm32f1xx_hal_exti.c:
#  Implicit rule search has not been done.
#  Modification time never checked.
#  File has not been updated.

# Not a target:
Core/ssd1306/ssd1306.c:
#  Implicit rule search has not been done.
#  Modification time never checked.
#  File has not been updated.

# Not a target:
Makefile:
#  Implicit rule search has been done.
#  Last modified 2022-07-08 23:01:00.787750949
#  File has been updated.
#  Successfully updated.

Drivers/CMSIS/Device/ST/STM32F1xx/Include/stm32f1xx.h:
#  Implicit rule search has been done.
#  Last modified 2022-07-08 23:00:57.617708655
#  File has been updated.
#  Successfully updated.

# Not a target:
Core/Src/gpio.c:
#  Implicit rule search has not been done.
#  Modification time never checked.
#  File has not been updated.

# Not a target:
Drivers/STM32F1xx_HAL_Driver/Src/stm32f1xx_hal_gpio_ex.c:
#  Implicit rule search has not been done.
#  Modification time never checked.
#  File has not been updated.

Drivers/CMSIS/Device/ST/STM32F1xx/Include/stm32f103xb.h:
#  Implicit rule search has been done.
#  Last modified 2022-07-08 23:00:57.617708655
#  File has been updated.
#  Successfully updated.

build/stm32f1xx_hal_tim.o: Drivers/STM32F1xx_HAL_Driver/Src/stm32f1xx_hal_tim.c Drivers/STM32F1xx_HAL_Driver/Inc/stm32f1xx_hal.h Core/Inc/stm32f1xx_hal_conf.h Drivers/STM32F1xx_HAL_Driver/Inc/stm32f1xx_hal_rcc.h Drivers/STM32F1xx_HAL_Driver/Inc/stm32f1xx_hal_def.h Drivers/CMSIS/Device/ST/STM32F1xx/Include/stm32f1xx.h Drivers/CMSIS/Device/ST/STM32F1xx/Include/stm32f103xb.h Drivers/CMSIS/Include/core_cm3.h Drivers/CMSIS/Include/cmsis_version.h Drivers/CMSIS/Include/cmsis_compiler.h Drivers/CMSIS/Include/cmsis_gcc.h Drivers/CMSIS/Device/ST/STM32F1xx/Include/system_stm32f1xx.h Drivers/STM32F1xx_HAL_Driver/Inc/Legacy/stm32_hal_legacy.h Drivers/STM32F1xx_HAL_Driver/Inc/stm32f1xx_hal_rcc_ex.h Drivers/STM32F1xx_HAL_Driver/Inc/stm32f1xx_hal_gpio.h Drivers/STM32F1xx_HAL_Driver/Inc/stm32f1xx_hal_gpio_ex.h Drivers/STM32F1xx_HAL_Driver/Inc/stm32f1xx_hal_exti.h Drivers/STM32F1xx_HAL_Driver/Inc/stm32f1xx_hal_dma.h Drivers/STM32F1xx_HAL_Driver/Inc/stm32f1xx_hal_dma_ex.h Drivers/STM32F1xx_HAL_Driver/Inc/stm32f1xx_hal_cortex.h Drivers/STM32F1xx_HAL_Driver/Inc/stm32f1xx_hal_flash.h Drivers/STM32F1xx_HAL_Driver/Inc/stm32f1xx_hal_flash_ex.h Drivers/STM32F1xx_HAL_Driver/Inc/stm32f1xx_hal_pwr.h Drivers/STM32F1xx_HAL_Driver/Inc/stm32f1xx_hal_spi.h
#  Implicit rule search has not been done.
#  Modification time never checked.
#  File has not been updated.

Core/Inc/spi.h:
#  Implicit rule search has been done.
#  Last modified 2022-07-08 21:48:17.962
#  File has been updated.
#  Successfully updated.

# Not a target:
build/stm32f1xx_hal_flash_ex.d:
#  Implicit rule search has been done.
#  Last modified 2022-07-08 22:57:03.184586061
#  File has been updated.
#  Successfully updated.

# Not a target:
build/spi.d:
#  Implicit rule search has been done.
#  Last modified 2022-07-08 22:57:02.884582085
#  File has been updated.
#  Successfully updated.

Drivers/CMSIS/Include/core_cm3.h:
#  Implicit rule search has been done.
 
#  Last modified 2022-07-08 23:00:57.621042034
#  File has been updated.
#  Successfully updated.

build/stm32f1xx_hal_tim_ex.o: Drivers/STM32F1xx_HAL_Driver/Src/stm32f1xx_hal_tim_ex.c Drivers/STM32F1xx_HAL_Driver/Inc/stm32f1xx_hal.h Core/Inc/stm32f1xx_hal_conf.h Drivers/STM32F1xx_HAL_Driver/Inc/stm32f1xx_hal_rcc.h Drivers/STM32F1xx_HAL_Driver/Inc/stm32f1xx_hal_def.h Drivers/CMSIS/Device/ST/STM32F1xx/Include/stm32f1xx.h Drivers/CMSIS/Device/ST/STM32F1xx/Include/stm32f103xb.h Drivers/CMSIS/Include/core_cm3.h Drivers/CMSIS/Include/cmsis_version.h Drivers/CMSIS/Include/cmsis_compiler.h Drivers/CMSIS/Include/cmsis_gcc.h Drivers/CMSIS/Device/ST/STM32F1xx/Include/system_stm32f1xx.h Drivers/STM32F1xx_HAL_Driver/Inc/Legacy/stm32_hal_legacy.h Drivers/STM32F1xx_HAL_Driver/Inc/stm32f1xx_hal_rcc_ex.h Drivers/STM32F1xx_HAL_Driver/Inc/stm32f1xx_hal_gpio.h Drivers/STM32F1xx_HAL_Driver/Inc/stm32f1xx_hal_gpio_ex.h Drivers/STM32F1xx_HAL_Driver/Inc/stm32f1xx_hal_exti.h Drivers/STM32F1xx_HAL_Driver/Inc/stm32f1xx_hal_dma.h Drivers/STM32F1xx_HAL_Driver/Inc/stm32f1xx_hal_dma_ex.h Drivers/STM32F1xx_HAL_Driver/Inc/stm32f1xx_hal_cortex.h Drivers/STM32F1xx_HAL_Driver/Inc/stm32f1xx_hal_flash.h Drivers/STM32F1xx_HAL_Driver/Inc/stm32f1xx_hal_flash_ex.h Drivers/STM32F1xx_HAL_Driver/Inc/stm32f1xx_hal_pwr.h Drivers/STM32F1xx_HAL_Driver/Inc/stm32f1xx_hal_spi.h
#  Implicit rule search has not been done.
#  Modification time never checked.
#  File has not been updated.

Core/ssd1306/ssd1306_conf.h:
#  Implicit rule search has not been done.
#  Modification time never checked.
#  File has not been updated.

# Not a target:
Core/Src/spi.c:
#  Implicit rule search has not been done.
#  Modification time never checked.
#  File has not been updated.

build/stm32f1xx_hal_rcc_ex.o: Drivers/STM32F1xx_HAL_Driver/Src/stm32f1xx_hal_rcc_ex.c Drivers/STM32F1xx_HAL_Driver/Inc/stm32f1xx_hal.h Core/Inc/stm32f1xx_hal_conf.h Drivers/STM32F1xx_HAL_Driver/Inc/stm32f1xx_hal_rcc.h Drivers/STM32F1xx_HAL_Driver/Inc/stm32f1xx_hal_def.h Drivers/CMSIS/Device/ST/STM32F1xx/Include/stm32f1xx.h Drivers/CMSIS/Device/ST/STM32F1xx/Include/stm32f103xb.h Drivers/CMSIS/Include/core_cm3.h Drivers/CMSIS/Include/cmsis_version.h Drivers/CMSIS/Include/cmsis_compiler.h Drivers/CMSIS/Include/cmsis_gcc.h Drivers/CMSIS/Device/ST/STM32F1xx/Include/system_stm32f1xx.h Drivers/STM32F1xx_HAL_Driver/Inc/Legacy/stm32_hal_legacy.h Drivers/STM32F1xx_HAL_Driver/Inc/stm32f1xx_hal_rcc_ex.h Drivers/STM32F1xx_HAL_Driver/Inc/stm32f1xx_hal_gpio.h Drivers/STM32F1xx_HAL_Driver/Inc/stm32f1xx_hal_gpio_ex.h Drivers/STM32F1xx_HAL_Driver/Inc/stm32f1xx_hal_exti.h Drivers/STM32F1xx_HAL_Driver/Inc/stm32f1xx_hal_dma.h Drivers/STM32F1xx_HAL_Driver/Inc/stm32f1xx_hal_dma_ex.h Drivers/STM32F1xx_HAL_Driver/Inc/stm32f1xx_hal_cortex.h Drivers/STM32F1xx_HAL_Driver/Inc/stm32f1xx_hal_flash.h Drivers/STM32F1xx_HAL_Driver/Inc/stm32f1xx_hal_flash_ex.h Drivers/STM32F1xx_HAL_Driver/Inc/stm32f1xx_hal_pwr.h Drivers/STM32F1xx_HAL_Driver/Inc/stm32f1xx_hal_spi.h
#  Implicit rule search has not been done.
#  Modification time never checked.
#  File has not been updated.

clean:
#  Implicit rule search has not been done.
#  Modification time never checked.
#  File has not been updated.
#  recipe to execute (from 'Makefile', line 187):
	-rm -fR $(BUILD_DIR)

# Not a target:
build/stm32f1xx_hal_cortex.d:
#  Implicit rule search has been done.
#  Last modified 2022-07-08 22:57:03.027917318
#  File has been updated.
#  Successfully updated.

Drivers/STM32F1xx_HAL_Driver/Inc/stm32f1xx_hal_def.h:
#  Implicit rule search has been done.
#  Last modified 2022-07-08 23:00:57.611041899
#  File has been updated.
#  Successfully updated.

# Not a target:
Drivers/STM32F1xx_HAL_Driver/Src/stm32f1xx_hal_spi.c:
#  Implicit rule search has not been done.
#  Modification time never checked.
#  File has not been updated.

# Not a target:
Drivers/STM32F1xx_HAL_Driver/Src/stm32f1xx_hal_tim.c:
#  Implicit rule search has not been done.
#  Modification time never checked.
#  File has not been updated.

Core/Src/../ssd1306/ssd1306_tests.h:
#  Implicit rule search has been done.
#  Last modified 2022-02-15 20:40:18.634116
#  File has been updated.
#  Successfully updated.

Drivers/STM32F1xx_HAL_Driver/Inc/stm32f1xx_hal_rcc.h:
#  Implicit rule search has been done.
#  Last modified 2022-07-08 23:00:57.611041899
#  File has been updated.
#  Successfully updated.

build/stm32f1xx_hal_exti.o: Drivers/STM32F1xx_HAL_Driver/Src/stm32f1xx_hal_exti.c Drivers/STM32F1xx_HAL_Driver/Inc/stm32f1xx_hal.h Core/Inc/stm32f1xx_hal_conf.h Drivers/STM32F1xx_HAL_Driver/Inc/stm32f1xx_hal_rcc.h Drivers/STM32F1xx_HAL_Driver/Inc/stm32f1xx_hal_def.h Drivers/CMSIS/Device/ST/STM32F1xx/Include/stm32f1xx.h Drivers/CMSIS/Device/ST/STM32F1xx/Include/stm32f103xb.h Drivers/CMSIS/Include/core_cm3.h Drivers/CMSIS/Include/cmsis_version.h Drivers/CMSIS/Include/cmsis_compiler.h Drivers/CMSIS/Include/cmsis_gcc.h Drivers/CMSIS/Device/ST/STM32F1xx/Include/system_stm32f1xx.h Drivers/STM32F1xx_HAL_Driver/Inc/Legacy/stm32_hal_legacy.h Drivers/STM32F1xx_HAL_Driver/Inc/stm32f1xx_hal_rcc_ex.h Drivers/STM32F1xx_HAL_Driver/Inc/stm32f1xx_hal_gpio.h Drivers/STM32F1xx_HAL_Driver/Inc/stm32f1xx_hal_gpio_ex.h Drivers/STM32F1xx_HAL_Driver/Inc/stm32f1xx_hal_exti.h Drivers/STM32F1xx_HAL_Driver/Inc/stm32f1xx_hal_dma.h Drivers/STM32F1xx_HAL_Driver/Inc/stm32f1xx_hal_dma_ex.h Drivers/STM32F1xx_HAL_Driver/Inc/stm32f1xx_hal_cortex.h Drivers/STM32F1xx_HAL_Driver/Inc/stm32f1xx_hal_flash.h Drivers/STM32F1xx_HAL_Driver/Inc/stm32f1xx_hal_flash_ex.h Drivers/STM32F1xx_HAL_Driver/Inc/stm32f1xx_hal_pwr.h Drivers/STM32F1xx_HAL_Driver/Inc/stm32f1xx_hal_spi.h
#  Implicit rule search has not been done.
#  Modification time never checked.
#  File has not been updated.

Core/ssd1306/ssd1306_fonts.h:
#  Implicit rule search has not been done.
#  Modification time never checked.
#  File has not been updated.

Drivers/STM32F1xx_HAL_Driver/Inc/stm32f1xx_hal.h:
#  Implicit rule search has been done.
#  Last modified 2022-07-08 23:00:57.611041899
#  File has been updated.
#  Successfully updated.

# Not a target:
build/stm32f1xx_hal_dma.d:
#  Implicit rule search has been done.
#  Last modified 2022-07-08 22:57:03.214586458
#  File has been updated.
#  Successfully updated.

Drivers/CMSIS/Include/cmsis_compiler.h:
#  Implicit rule search has been done.
#  Last modified 2022-07-08 23:00:57.617708655
#  File has been updated.
#  Successfully updated.

# Not a target:
Drivers/STM32F1xx_HAL_Driver/Src/stm32f1xx_hal_flash.c:
#  Implicit rule search has not been done.
#  Modification time never checked.
#  File has not been updated.

Core/Src/../ssd1306/ssd1306_conf.h:
#  Implicit rule search has been done.
#  Last modified 2022-07-08 22:00:28.959473502
#  File has been updated.
#  Successfully updated.

# Not a target:
build/stm32f1xx_hal_rcc_ex.d:
#  Implicit rule search has been done.
#  Last modified 2022-07-08 22:57:03.21125308
#  File has been updated.
#  Successfully updated.

# Not a target:
build/stm32f1xx_hal_gpio.d:
#  Implicit rule search has been done.
#  Last modified 2022-07-08 22:57:03.104585001
#  File has been updated.
#  Successfully updated.

# Not a target:
build/system_stm32f1xx.d:
#  Implicit rule search has been done.
#  Last modified 2022-07-08 22:57:02.721246591
#  File has been updated.
#  Successfully updated.

Core/ssd1306/ssd1306.h:
#  Implicit rule search has not been done.
#  Modification time never checked.
#  File has not been updated.

# Not a target:
.DEFAULT:
#  Implicit rule search has not been done.
#  Modification time never checked.
#  File has not been updated.

build/system_stm32f1xx.o: Core/Src/system_stm32f1xx.c Drivers/CMSIS/Device/ST/STM32F1xx/Include/stm32f1xx.h Drivers/CMSIS/Device/ST/STM32F1xx/Include/stm32f103xb.h Drivers/CMSIS/Include/core_cm3.h Drivers/CMSIS/Include/cmsis_version.h Drivers/CMSIS/Include/cmsis_compiler.h Drivers/CMSIS/Include/cmsis_gcc.h Drivers/CMSIS/Device/ST/STM32F1xx/Include/system_stm32f1xx.h Drivers/STM32F1xx_HAL_Driver/Inc/stm32f1xx_hal.h Core/Inc/stm32f1xx_hal_conf.h Drivers/STM32F1xx_HAL_Driver/Inc/stm32f1xx_hal_rcc.h Drivers/STM32F1xx_HAL_Driver/Inc/stm32f1xx_hal_def.h Drivers/STM32F1xx_HAL_Driver/Inc/Legacy/stm32_hal_legacy.h Drivers/STM32F1xx_HAL_Driver/Inc/stm32f1xx_hal_rcc_ex.h Drivers/STM32F1xx_HAL_Driver/Inc/stm32f1xx_hal_gpio.h Drivers/STM32F1xx_HAL_Driver/Inc/stm32f1xx_hal_gpio_ex.h Drivers/STM32F1xx_HAL_Driver/Inc/stm32f1xx_hal_exti.h Drivers/STM32F1xx_HAL_Driver/Inc/stm32f1xx_hal_dma.h Drivers/STM32F1xx_HAL_Driver/Inc/stm32f1xx_hal_dma_ex.h Drivers/STM32F1xx_HAL_Driver/Inc/stm32f1xx_hal_cortex.h Drivers/STM32F1xx_HAL_Driver/Inc/stm32f1xx_hal_flash.h Drivers/STM32F1xx_HAL_Driver/Inc/stm32f1xx_hal_flash_ex.h Drivers/STM32F1xx_HAL_Driver/Inc/stm32f1xx_hal_pwr.h Drivers/STM32F1xx_HAL_Driver/Inc/stm32f1xx_hal_spi.h
#  Implicit rule search has not been done.
#  Modification time never checked.
#  File has not been updated.

all: build/f1_ssd1306_test.elf build/f1_ssd1306_test.hex build/f1_ssd1306_test.bin
#  Command line target.
#  Implicit rule search has been done.
#  File does not exist.
#  File has been updated.
#  Needs to be updated (-q is set).
# variable set hash-table stats:
# Load=0/32=0%, Rehash=0, Collisions=0/14=0%

Drivers/STM32F1xx_HAL_Driver/Inc/stm32f1xx_hal_gpio.h:
#  Implicit rule search has been done.
#  Last modified 2022-07-08 23:00:57.614375277
#  File has been updated.
#  Successfully updated.

# Not a target:
Drivers/STM32F1xx_HAL_Driver/Src/stm32f1xx_hal_rcc.c:
#  Implicit rule search has not been done.
#  Modification time never checked.
#  File has not been updated.

build:
#  Implicit rule search has not been done.
#  Last modified 2022-07-08 22:57:03.794594145
#  File has been updated.
#  Successfully updated.
#  recipe to execute (from 'Makefile', line 181):
	mkdir $@		

# Not a target:
build/ssd1306_tests.d:
#  Implicit rule search has been done.
#  Last modified 2022-07-08 22:57:03.101251625
#  File has been updated.
#  Successfully updated.

# Not a target:
build/stm32f1xx_hal.d:
#  Implicit rule search has been done.
#  Last modified 2022-07-08 22:57:02.991250168
#  File has been updated.
#  Successfully updated.

Core/Inc/stm32f1xx_hal_conf.h:
#  Implicit rule search has been done.
#  Last modified 2022-07-08 23:00:56.331024821
#  File has been updated.
#  Successfully updated.

# Not a target:
build/stm32f1xx_hal_exti.d:
#  Implicit rule search has been done.
#  Last modified 2022-07-08 22:57:03.084584736
#  File has been updated.
#  Successfully updated.

# Not a target:
build/ssd1306.d:
#  Implicit rule search has been done.
#  Last modified 2022-07-08 22:57:03.197919573
#  File has been updated.
#  Successfully updated.

# Not a target:
build/stm32f1xx_hal_rcc.d:
#  Implicit rule search has been done.
#  Last modified 2022-07-08 22:57:03.244586855
#  File has been updated.
#  Successfully updated.

# Not a target:
build/stm32f1xx_hal_gpio_ex.d:
#  Implicit rule search has been done.
#  Last modified 2022-07-08 22:57:02.987916789
#  File has been updated.
#  Successfully updated.

# Not a target:
build/main.d:
#  Implicit rule search has been done.
#  Last modified 2022-07-08 22:57:02.734580098
#  File has been updated.
#  Successfully updated.

# Not a target:
build/stm32f1xx_hal_tim.d:
#  Implicit rule search has been done.
#  Last modified 2022-07-08 22:57:03.177919305
#  File has been updated.
#  Successfully updated.

build/gpio.o: Core/Src/gpio.c Core/Inc/gpio.h Core/Inc/main.h Drivers/STM32F1xx_HAL_Driver/Inc/stm32f1xx_hal.h Core/Inc/stm32f1xx_hal_conf.h Drivers/STM32F1xx_HAL_Driver/Inc/stm32f1xx_hal_rcc.h Drivers/STM32F1xx_HAL_Driver/Inc/stm32f1xx_hal_def.h Drivers/CMSIS/Device/ST/STM32F1xx/Include/stm32f1xx.h Drivers/CMSIS/Device/ST/STM32F1xx/Include/stm32f103xb.h Drivers/CMSIS/Include/core_cm3.h Drivers/CMSIS/Include/cmsis_version.h Drivers/CMSIS/Include/cmsis_compiler.h Drivers/CMSIS/Include/cmsis_gcc.h Drivers/CMSIS/Device/ST/STM32F1xx/Include/system_stm32f1xx.h Drivers/STM32F1xx_HAL_Driver/Inc/Legacy/stm32_hal_legacy.h Drivers/STM32F1xx_HAL_Driver/Inc/stm32f1xx_hal_rcc_ex.h Drivers/STM32F1xx_HAL_Driver/Inc/stm32f1xx_hal_gpio.h Drivers/STM32F1xx_HAL_Driver/Inc/stm32f1xx_hal_gpio_ex.h Drivers/STM32F1xx_HAL_Driver/Inc/stm32f1xx_hal_exti.h Drivers/STM32F1xx_HAL_Driver/Inc/stm32f1xx_hal_dma.h Drivers/STM32F1xx_HAL_Driver/Inc/stm32f1xx_hal_dma_ex.h Drivers/STM32F1xx_HAL_Driver/Inc/stm32f1xx_hal_cortex.h Drivers/STM32F1xx_HAL_Driver/Inc/stm32f1xx_hal_flash.h Drivers/STM32F1xx_HAL_Driver/Inc/stm32f1xx_hal_flash_ex.h Drivers/STM32F1xx_HAL_Driver/Inc/stm32f1xx_hal_pwr.h Drivers/STM32F1xx_HAL_Driver/Inc/stm32f1xx_hal_spi.h
#  Implicit rule search has not been done.
#  Modification time never checked.
#  File has not been updated.

Core/ssd1306/ssd1306_tests.h:
#  Implicit rule search has not been done.
#  Modification time never checked.
#  File has not been updated.

# Not a target:
build/stm32f1xx_hal_tim_ex.d:
#  Implicit rule search has been done.
#  Last modified 2022-07-08 22:57:03.161252418
#  File has been updated.
#  Successfully updated.

Core/Inc/gpio.h:
#  Implicit rule search has been done.
#  Last modified 2022-07-08 21:48:17.539
#  File has been updated.
#  Successfully updated.

Drivers/STM32F1xx_HAL_Driver/Inc/stm32f1xx_hal_dma_ex.h:
#  Implicit rule search has been done.
#  Last modified 2022-07-08 23:00:57.614375277
#  File has been updated.
#  Successfully updated.

Drivers/STM32F1xx_HAL_Driver/Inc/stm32f1xx_hal_gpio_ex.h:
#  Implicit rule search has been done.
#  Last modified 2022-07-08 23:00:57.614375277
#  File has been updated.
#  Successfully updated.

Drivers/CMSIS/Device/ST/STM32F1xx/Include/system_stm32f1xx.h:
#  Implicit rule search has been done.
 
#  Last modified 2022-07-08 23:00:57.617708655
#  File has been updated.
#  Successfully updated.

# Not a target:
Drivers/STM32F1xx_HAL_Driver/Src/stm32f1xx_hal_rcc_ex.c:
#  Implicit rule search has not been done.
#  Modification time never checked.
#  File has not been updated.

# Not a target:
Drivers/STM32F1xx_HAL_Driver/Src/stm32f1xx_hal_cortex.c:
#  Implicit rule search has not been done.
#  Modification time never checked.
#  File has not been updated.

# Not a target:
build/f1_ssd1306_test.bin:
#  Implicit rule search has not been done.
#  Modification time never checked.
#  File has not been updated.

build/stm32f1xx_hal_rcc.o: Drivers/STM32F1xx_HAL_Driver/Src/stm32f1xx_hal_rcc.c Drivers/STM32F1xx_HAL_Driver/Inc/stm32f1xx_hal.h Core/Inc/stm32f1xx_hal_conf.h Drivers/STM32F1xx_HAL_Driver/Inc/stm32f1xx_hal_rcc.h Drivers/STM32F1xx_HAL_Driver/Inc/stm32f1xx_hal_def.h Drivers/CMSIS/Device/ST/STM32F1xx/Include/stm32f1xx.h Drivers/CMSIS/Device/ST/STM32F1xx/Include/stm32f103xb.h Drivers/CMSIS/Include/core_cm3.h Drivers/CMSIS/Include/cmsis_version.h Drivers/CMSIS/Include/cmsis_compiler.h Drivers/CMSIS/Include/cmsis_gcc.h Drivers/CMSIS/Device/ST/STM32F1xx/Include/system_stm32f1xx.h Drivers/STM32F1xx_HAL_Driver/Inc/Legacy/stm32_hal_legacy.h Drivers/STM32F1xx_HAL_Driver/Inc/stm32f1xx_hal_rcc_ex.h Drivers/STM32F1xx_HAL_Driver/Inc/stm32f1xx_hal_gpio.h Drivers/STM32F1xx_HAL_Driver/Inc/stm32f1xx_hal_gpio_ex.h Drivers/STM32F1xx_HAL_Driver/Inc/stm32f1xx_hal_exti.h Drivers/STM32F1xx_HAL_Driver/Inc/stm32f1xx_hal_dma.h Drivers/STM32F1xx_HAL_Driver/Inc/stm32f1xx_hal_dma_ex.h Drivers/STM32F1xx_HAL_Driver/Inc/stm32f1xx_hal_cortex.h Drivers/STM32F1xx_HAL_Driver/Inc/stm32f1xx_hal_flash.h Drivers/STM32F1xx_HAL_Driver/Inc/stm32f1xx_hal_flash_ex.h Drivers/STM32F1xx_HAL_Driver/Inc/stm32f1xx_hal_pwr.h Drivers/STM32F1xx_HAL_Driver/Inc/stm32f1xx_hal_spi.h
#  Implicit rule search has not been done.
#  Modification time never checked.
#  File has not been updated.

# Not a target:
Core/Src/main.c:
#  Implicit rule search has been done.
#  Last modified 2022-07-08 22:56:59.741207114
#  File has been updated.
#  Successfully updated.

build/stm32f1xx_hal_flash_ex.o: Drivers/STM32F1xx_HAL_Driver/Src/stm32f1xx_hal_flash_ex.c Drivers/STM32F1xx_HAL_Driver/Inc/stm32f1xx_hal.h Core/Inc/stm32f1xx_hal_conf.h Drivers/STM32F1xx_HAL_Driver/Inc/stm32f1xx_hal_rcc.h Drivers/STM32F1xx_HAL_Driver/Inc/stm32f1xx_hal_def.h Drivers/CMSIS/Device/ST/STM32F1xx/Include/stm32f1xx.h Drivers/CMSIS/Device/ST/STM32F1xx/Include/stm32f103xb.h Drivers/CMSIS/Include/core_cm3.h Drivers/CMSIS/Include/cmsis_version.h Drivers/CMSIS/Include/cmsis_compiler.h Drivers/CMSIS/Include/cmsis_gcc.h Drivers/CMSIS/Device/ST/STM32F1xx/Include/system_stm32f1xx.h Drivers/STM32F1xx_HAL_Driver/Inc/Legacy/stm32_hal_legacy.h Drivers/STM32F1xx_HAL_Driver/Inc/stm32f1xx_hal_rcc_ex.h Drivers/STM32F1xx_HAL_Driver/Inc/stm32f1xx_hal_gpio.h Drivers/STM32F1xx_HAL_Driver/Inc/stm32f1xx_hal_gpio_ex.h Drivers/STM32F1xx_HAL_Driver/Inc/stm32f1xx_hal_exti.h Drivers/STM32F1xx_HAL_Driver/Inc/stm32f1xx_hal_dma.h Drivers/STM32F1xx_HAL_Driver/Inc/stm32f1xx_hal_dma_ex.h Drivers/STM32F1xx_HAL_Driver/Inc/stm32f1xx_hal_cortex.h Drivers/STM32F1xx_HAL_Driver/Inc/stm32f1xx_hal_flash.h Drivers/STM32F1xx_HAL_Driver/Inc/stm32f1xx_hal_flash_ex.h Drivers/STM32F1xx_HAL_Driver/Inc/stm32f1xx_hal_pwr.h Drivers/STM32F1xx_HAL_Driver/Inc/stm32f1xx_hal_spi.h
#  Implicit rule search has not been done.
#  Modification time never checked.
#  File has not been updated.

build/ssd1306.o: Core/ssd1306/ssd1306.c Core/ssd1306/ssd1306.h Core/ssd1306/ssd1306_conf.h Drivers/STM32F1xx_HAL_Driver/Inc/stm32f1xx_hal.h Core/Inc/stm32f1xx_hal_conf.h Drivers/STM32F1xx_HAL_Driver/Inc/stm32f1xx_hal_rcc.h Drivers/STM32F1xx_HAL_Driver/Inc/stm32f1xx_hal_def.h Drivers/CMSIS/Device/ST/STM32F1xx/Include/stm32f1xx.h Drivers/CMSIS/Device/ST/STM32F1xx/Include/stm32f103xb.h Drivers/CMSIS/Include/core_cm3.h Drivers/CMSIS/Include/cmsis_version.h Drivers/CMSIS/Include/cmsis_compiler.h Drivers/CMSIS/Include/cmsis_gcc.h Drivers/CMSIS/Device/ST/STM32F1xx/Include/system_stm32f1xx.h Drivers/STM32F1xx_HAL_Driver/Inc/Legacy/stm32_hal_legacy.h Drivers/STM32F1xx_HAL_Driver/Inc/stm32f1xx_hal_rcc_ex.h Drivers/STM32F1xx_HAL_Driver/Inc/stm32f1xx_hal_gpio.h Drivers/STM32F1xx_HAL_Driver/Inc/stm32f1xx_hal_gpio_ex.h Drivers/STM32F1xx_HAL_Driver/Inc/stm32f1xx_hal_exti.h Drivers/STM32F1xx_HAL_Driver/Inc/stm32f1xx_hal_dma.h Drivers/STM32F1xx_HAL_Driver/Inc/stm32f1xx_hal_dma_ex.h Drivers/STM32F1xx_HAL_Driver/Inc/stm32f1xx_hal_cortex.h Drivers/STM32F1xx_HAL_Driver/Inc/stm32f1xx_hal_flash.h Drivers/STM32F1xx_HAL_Driver/Inc/stm32f1xx_hal_flash_ex.h Drivers/STM32F1xx_HAL_Driver/Inc/stm32f1xx_hal_pwr.h Drivers/STM32F1xx_HAL_Driver/Inc/stm32f1xx_hal_spi.h Core/ssd1306/ssd1306_fonts.h
#  Implicit rule search has not been done.
#  Modification time never checked.
#  File has not been updated.

build/stm32f1xx_hal_dma.o: Drivers/STM32F1xx_HAL_Driver/Src/stm32f1xx_hal_dma.c Drivers/STM32F1xx_HAL_Driver/Inc/stm32f1xx_hal.h Core/Inc/stm32f1xx_hal_conf.h Drivers/STM32F1xx_HAL_Driver/Inc/stm32f1xx_hal_rcc.h Drivers/STM32F1xx_HAL_Driver/Inc/stm32f1xx_hal_def.h Drivers/CMSIS/Device/ST/STM32F1xx/Include/stm32f1xx.h Drivers/CMSIS/Device/ST/STM32F1xx/Include/stm32f103xb.h Drivers/CMSIS/Include/core_cm3.h Drivers/CMSIS/Include/cmsis_version.h Drivers/CMSIS/Include/cmsis_compiler.h Drivers/CMSIS/Include/cmsis_gcc.h Drivers/CMSIS/Device/ST/STM32F1xx/Include/system_stm32f1xx.h Drivers/STM32F1xx_HAL_Driver/Inc/Legacy/stm32_hal_legacy.h Drivers/STM32F1xx_HAL_Driver/Inc/stm32f1xx_hal_rcc_ex.h Drivers/STM32F1xx_HAL_Driver/Inc/stm32f1xx_hal_gpio.h Drivers/STM32F1xx_HAL_Driver/Inc/stm32f1xx_hal_gpio_ex.h Drivers/STM32F1xx_HAL_Driver/Inc/stm32f1xx_hal_exti.h Drivers/STM32F1xx_HAL_Driver/Inc/stm32f1xx_hal_dma.h Drivers/STM32F1xx_HAL_Driver/Inc/stm32f1xx_hal_dma_ex.h Drivers/STM32F1xx_HAL_Driver/Inc/stm32f1xx_hal_cortex.h Drivers/STM32F1xx_HAL_Driver/Inc/stm32f1xx_hal_flash.h Drivers/STM32F1xx_HAL_Driver/Inc/stm32f1xx_hal_flash_ex.h Drivers/STM32F1xx_HAL_Driver/Inc/stm32f1xx_hal_pwr.h Drivers/STM32F1xx_HAL_Driver/Inc/stm32f1xx_hal_spi.h
#  Implicit rule search has not been done.
#  Modification time never checked.
#  File has not been updated.

# Not a target:
Drivers/STM32F1xx_HAL_Driver/Src/stm32f1xx_hal_flash_ex.c:
#  Implicit rule search has not been done.
#  Modification time never checked.
#  File has not been updated.

# Not a target:
Drivers/STM32F1xx_HAL_Driver/Src/stm32f1xx_hal_gpio.c:
#  Implicit rule search has not been done.
#  Modification time never checked.
#  File has not been updated.

# Not a target:
build/stm32f1xx_hal_msp.d:
#  Implicit rule search has been done.
#  Last modified 2022-07-08 22:57:02.951249636
#  File has been updated.
#  Successfully updated.

Core/Src/../ssd1306/ssd1306_fonts.h:
#  Implicit rule search has been done.
#  Last modified 2022-02-15 20:40:18.590116
#  File has been updated.
#  Successfully updated.

Drivers/CMSIS/Include/cmsis_gcc.h:
#  Implicit rule search has been done.
#  Last modified 2022-07-08 23:00:57.617708655
#  File has been updated.
#  Successfully updated.

Drivers/STM32F1xx_HAL_Driver/Inc/stm32f1xx_hal_pwr.h:
#  Implicit rule search has been done.
#  Last modified 2022-07-08 23:00:57.614375277
#  File has been updated.
#  Successfully updated.

# Not a target:
Drivers/STM32F1xx_HAL_Driver/Src/stm32f1xx_hal_pwr.c:
#  Implicit rule search has not been done.
#  Modification time never checked.
#  File has not been updated.

# Not a target:
build/f1_ssd1306_test.hex:
#  Implicit rule search has not been done.
#  Modification time never checked.
#  File has not been updated.

# Not a target:
build/stm32f1xx_it.d:
#  Implicit rule search has been done.
#  Last modified 2022-07-08 22:57:02.804581026
#  File has been updated.
#  Successfully updated.

Drivers/STM32F1xx_HAL_Driver/Inc/stm32f1xx_hal_flash_ex.h:
#  Implicit rule search has been done.
#  Last modified 2022-07-08 23:00:57.614375277
#  File has been updated.
#  Successfully updated.

build/stm32f1xx_hal_flash.o: Drivers/STM32F1xx_HAL_Driver/Src/stm32f1xx_hal_flash.c Drivers/STM32F1xx_HAL_Driver/Inc/stm32f1xx_hal.h Core/Inc/stm32f1xx_hal_conf.h Drivers/STM32F1xx_HAL_Driver/Inc/stm32f1xx_hal_rcc.h Drivers/STM32F1xx_HAL_Driver/Inc/stm32f1xx_hal_def.h Drivers/CMSIS/Device/ST/STM32F1xx/Include/stm32f1xx.h Drivers/CMSIS/Device/ST/STM32F1xx/Include/stm32f103xb.h Drivers/CMSIS/Include/core_cm3.h Drivers/CMSIS/Include/cmsis_version.h Drivers/CMSIS/Include/cmsis_compiler.h Drivers/CMSIS/Include/cmsis_gcc.h Drivers/CMSIS/Device/ST/STM32F1xx/Include/system_stm32f1xx.h Drivers/STM32F1xx_HAL_Driver/Inc/Legacy/stm32_hal_legacy.h Drivers/STM32F1xx_HAL_Driver/Inc/stm32f1xx_hal_rcc_ex.h Drivers/STM32F1xx_HAL_Driver/Inc/stm32f1xx_hal_gpio.h Drivers/STM32F1xx_HAL_Driver/Inc/stm32f1xx_hal_gpio_ex.h Drivers/STM32F1xx_HAL_Driver/Inc/stm32f1xx_hal_exti.h Drivers/STM32F1xx_HAL_Driver/Inc/stm32f1xx_hal_dma.h Drivers/STM32F1xx_HAL_Driver/Inc/stm32f1xx_hal_dma_ex.h Drivers/STM32F1xx_HAL_Driver/Inc/stm32f1xx_hal_cortex.h Drivers/STM32F1xx_HAL_Driver/Inc/stm32f1xx_hal_flash.h Drivers/STM32F1xx_HAL_Driver/Inc/stm32f1xx_hal_flash_ex.h Drivers/STM32F1xx_HAL_Driver/Inc/stm32f1xx_hal_pwr.h Drivers/STM32F1xx_HAL_Driver/Inc/stm32f1xx_hal_spi.h
#  Implicit rule search has not been done.
#  Modification time never checked.
#  File has not been updated.

# Not a target:
Core/Src/stm32f1xx_it.c:
#  Implicit rule search has not been done.
#  Modification time never checked.
#  File has not been updated.

# Not a target:
build/stm32f1xx_hal_pwr.d:
#  Implicit rule search has been done.
#  Last modified 2022-07-08 22:57:03.191252816
#  File has been updated.
#  Successfully updated.

build/stm32f1xx_hal_spi.o: Drivers/STM32F1xx_HAL_Driver/Src/stm32f1xx_hal_spi.c Drivers/STM32F1xx_HAL_Driver/Inc/stm32f1xx_hal.h Core/Inc/stm32f1xx_hal_conf.h Drivers/STM32F1xx_HAL_Driver/Inc/stm32f1xx_hal_rcc.h Drivers/STM32F1xx_HAL_Driver/Inc/stm32f1xx_hal_def.h Drivers/CMSIS/Device/ST/STM32F1xx/Include/stm32f1xx.h Drivers/CMSIS/Device/ST/STM32F1xx/Include/stm32f103xb.h Drivers/CMSIS/Include/core_cm3.h Drivers/CMSIS/Include/cmsis_version.h Drivers/CMSIS/Include/cmsis_compiler.h Drivers/CMSIS/Include/cmsis_gcc.h Drivers/CMSIS/Device/ST/STM32F1xx/Include/system_stm32f1xx.h Drivers/STM32F1xx_HAL_Driver/Inc/Legacy/stm32_hal_legacy.h Drivers/STM32F1xx_HAL_Driver/Inc/stm32f1xx_hal_rcc_ex.h Drivers/STM32F1xx_HAL_Driver/Inc/stm32f1xx_hal_gpio.h Drivers/STM32F1xx_HAL_Driver/Inc/stm32f1xx_hal_gpio_ex.h Drivers/STM32F1xx_HAL_Driver/Inc/stm32f1xx_hal_exti.h Drivers/STM32F1xx_HAL_Driver/Inc/stm32f1xx_hal_dma.h Drivers/STM32F1xx_HAL_Driver/Inc/stm32f1xx_hal_dma_ex.h Drivers/STM32F1xx_HAL_Driver/Inc/stm32f1xx_hal_cortex.h Drivers/STM32F1xx_HAL_Driver/Inc/stm32f1xx_hal_flash.h Drivers/STM32F1xx_HAL_Driver/Inc/stm32f1xx_hal_flash_ex.h Drivers/STM32F1xx_HAL_Driver/Inc/stm32f1xx_hal_pwr.h Drivers/STM32F1xx_HAL_Driver/Inc/stm32f1xx_hal_spi.h
#  Implicit rule search has not been done.
#  Modification time never checked.
#  File has not been updated.

Core/Inc/stm32f1xx_it.h:
#  Implicit rule search has not been done.
#  Modification time never checked.
#  File has not been updated.

build/ssd1306_tests.o: Core/ssd1306/ssd1306_tests.c Core/ssd1306/ssd1306.h Core/ssd1306/ssd1306_conf.h Drivers/STM32F1xx_HAL_Driver/Inc/stm32f1xx_hal.h Core/Inc/stm32f1xx_hal_conf.h Drivers/STM32F1xx_HAL_Driver/Inc/stm32f1xx_hal_rcc.h Drivers/STM32F1xx_HAL_Driver/Inc/stm32f1xx_hal_def.h Drivers/CMSIS/Device/ST/STM32F1xx/Include/stm32f1xx.h Drivers/CMSIS/Device/ST/STM32F1xx/Include/stm32f103xb.h Drivers/CMSIS/Include/core_cm3.h Drivers/CMSIS/Include/cmsis_version.h Drivers/CMSIS/Include/cmsis_compiler.h Drivers/CMSIS/Include/cmsis_gcc.h Drivers/CMSIS/Device/ST/STM32F1xx/Include/system_stm32f1xx.h Drivers/STM32F1xx_HAL_Driver/Inc/Legacy/stm32_hal_legacy.h Drivers/STM32F1xx_HAL_Driver/Inc/stm32f1xx_hal_rcc_ex.h Drivers/STM32F1xx_HAL_Driver/Inc/stm32f1xx_hal_gpio.h Drivers/STM32F1xx_HAL_Driver/Inc/stm32f1xx_hal_gpio_ex.h Drivers/STM32F1xx_HAL_Driver/Inc/stm32f1xx_hal_exti.h Drivers/STM32F1xx_HAL_Driver/Inc/stm32f1xx_hal_dma.h Drivers/STM32F1xx_HAL_Driver/Inc/stm32f1xx_hal_dma_ex.h Drivers/STM32F1xx_HAL_Driver/Inc/stm32f1xx_hal_cortex.h Drivers/STM32F1xx_HAL_Driver/Inc/stm32f1xx_hal_flash.h Drivers/STM32F1xx_HAL_Driver/Inc/stm32f1xx_hal_flash_ex.h Drivers/STM32F1xx_HAL_Driver/Inc/stm32f1xx_hal_pwr.h Drivers/STM32F1xx_HAL_Driver/Inc/stm32f1xx_hal_spi.h Core/ssd1306/ssd1306_fonts.h Core/ssd1306/ssd1306_tests.h
#  Implicit rule search has not been done.
#  Modification time never checked.
#  File has not been updated.

build/main.o: Core/Src/main.c Makefile Core/Src/main.c Core/Inc/main.h Drivers/STM32F1xx_HAL_Driver/Inc/stm32f1xx_hal.h Core/Inc/stm32f1xx_hal_conf.h Drivers/STM32F1xx_HAL_Driver/Inc/stm32f1xx_hal_rcc.h Drivers/STM32F1xx_HAL_Driver/Inc/stm32f1xx_hal_def.h Drivers/CMSIS/Device/ST/STM32F1xx/Include/stm32f1xx.h Drivers/CMSIS/Device/ST/STM32F1xx/Include/stm32f103xb.h Drivers/CMSIS/Include/core_cm3.h Drivers/CMSIS/Include/cmsis_version.h Drivers/CMSIS/Include/cmsis_compiler.h Drivers/CMSIS/Include/cmsis_gcc.h Drivers/CMSIS/Device/ST/STM32F1xx/Include/system_stm32f1xx.h Drivers/STM32F1xx_HAL_Driver/Inc/Legacy/stm32_hal_legacy.h Drivers/STM32F1xx_HAL_Driver/Inc/stm32f1xx_hal_rcc_ex.h Drivers/STM32F1xx_HAL_Driver/Inc/stm32f1xx_hal_gpio.h Drivers/STM32F1xx_HAL_Driver/Inc/stm32f1xx_hal_gpio_ex.h Drivers/STM32F1xx_HAL_Driver/Inc/stm32f1xx_hal_exti.h Drivers/STM32F1xx_HAL_Driver/Inc/stm32f1xx_hal_dma.h Drivers/STM32F1xx_HAL_Driver/Inc/stm32f1xx_hal_dma_ex.h Drivers/STM32F1xx_HAL_Driver/Inc/stm32f1xx_hal_cortex.h Drivers/STM32F1xx_HAL_Driver/Inc/stm32f1xx_hal_flash.h Drivers/STM32F1xx_HAL_Driver/Inc/stm32f1xx_hal_flash_ex.h Drivers/STM32F1xx_HAL_Driver/Inc/stm32f1xx_hal_pwr.h Drivers/STM32F1xx_HAL_Driver/Inc/stm32f1xx_hal_spi.h Core/Inc/spi.h Core/Inc/main.h Core/Inc/gpio.h Core/Src/../ssd1306/ssd1306.h Core/Src/../ssd1306/ssd1306_conf.h Core/Src/../ssd1306/ssd1306_fonts.h Core/Src/../ssd1306/ssd1306_fonts.h Core/Src/../ssd1306/ssd1306_tests.h | build
#  Implicit rule search has been done.
#  Implicit/static pattern stem: 'main'
#  Last modified 2022-07-08 22:57:02.79791427
#  File has been updated.
#  Needs to be updated (-q is set).
# automatic
# @ := build/main.o
# automatic
# * := main
# automatic
# < := Core/Src/main.c
# automatic
# + := Core/Src/main.c Makefile Core/Src/main.c Core/Inc/main.h Drivers/STM32F1xx_HAL_Driver/Inc/stm32f1xx_hal.h Core/Inc/stm32f1xx_hal_conf.h Drivers/STM32F1xx_HAL_Driver/Inc/stm32f1xx_hal_rcc.h Drivers/STM32F1xx_HAL_Driver/Inc/stm32f1xx_hal_def.h Drivers/CMSIS/Device/ST/STM32F1xx/Include/stm32f1xx.h Drivers/CMSIS/Device/ST/STM32F1xx/Include/stm32f103xb.h Drivers/CMSIS/Include/core_cm3.h Drivers/CMSIS/Include/cmsis_version.h Drivers/CMSIS/Include/cmsis_compiler.h Drivers/CMSIS/Include/cmsis_gcc.h Drivers/CMSIS/Device/ST/STM32F1xx/Include/system_stm32f1xx.h Drivers/STM32F1xx_HAL_Driver/Inc/Legacy/stm32_hal_legacy.h Drivers/STM32F1xx_HAL_Driver/Inc/stm32f1xx_hal_rcc_ex.h Drivers/STM32F1xx_HAL_Driver/Inc/stm32f1xx_hal_gpio.h Drivers/STM32F1xx_HAL_Driver/Inc/stm32f1xx_hal_gpio_ex.h Drivers/STM32F1xx_HAL_Driver/Inc/stm32f1xx_hal_exti.h Drivers/STM32F1xx_HAL_Driver/Inc/stm32f1xx_hal_dma.h Drivers/STM32F1xx_HAL_Driver/Inc/stm32f1xx_hal_dma_ex.h Drivers/STM32F1xx_HAL_Driver/Inc/stm32f1xx_hal_cortex.h Drivers/STM32F1xx_HAL_Driver/Inc/stm32f1xx_hal_flash.h Drivers/STM32F1xx_HAL_Driver/Inc/stm32f1xx_hal_flash_ex.h Drivers/STM32F1xx_HAL_Driver/Inc/stm32f1xx_hal_pwr.h Drivers/STM32F1xx_HAL_Driver/Inc/stm32f1xx_hal_spi.h Core/Inc/spi.h Core/Inc/main.h Core/Inc/gpio.h Core/Src/../ssd1306/ssd1306.h Core/Src/../ssd1306/ssd1306_conf.h Core/Src/../ssd1306/ssd1306_fonts.h Core/Src/../ssd1306/ssd1306_fonts.h Core/Src/../ssd1306/ssd1306_tests.h
# automatic
# % := 
# automatic
# ^ := Core/Src/main.c Makefile Core/Inc/main.h Drivers/STM32F1xx_HAL_Driver/Inc/stm32f1xx_hal.h Core/Inc/stm32f1xx_hal_conf.h Drivers/STM32F1xx_HAL_Driver/Inc/stm32f1xx_hal_rcc.h Drivers/STM32F1xx_HAL_Driver/Inc/stm32f1xx_hal_def.h Drivers/CMSIS/Device/ST/STM32F1xx/Include/stm32f1xx.h Drivers/CMSIS/Device/ST/STM32F1xx/Include/stm32f103xb.h Drivers/CMSIS/Include/core_cm3.h Drivers/CMSIS/Include/cmsis_version.h Drivers/CMSIS/Include/cmsis_compiler.h Drivers/CMSIS/Include/cmsis_gcc.h Drivers/CMSIS/Device/ST/STM32F1xx/Include/system_stm32f1xx.h Drivers/STM32F1xx_HAL_Driver/Inc/Legacy/stm32_hal_legacy.h Drivers/STM32F1xx_HAL_Driver/Inc/stm32f1xx_hal_rcc_ex.h Drivers/STM32F1xx_HAL_Driver/Inc/stm32f1xx_hal_gpio.h Drivers/STM32F1xx_HAL_Driver/Inc/stm32f1xx_hal_gpio_ex.h Drivers/STM32F1xx_HAL_Driver/Inc/stm32f1xx_hal_exti.h Drivers/STM32F1xx_HAL_Driver/Inc/stm32f1xx_hal_dma.h Drivers/STM32F1xx_HAL_Driver/Inc/stm32f1xx_hal_dma_ex.h Drivers/STM32F1xx_HAL_Driver/Inc/stm32f1xx_hal_cortex.h Drivers/STM32F1xx_HAL_Driver/Inc/stm32f1xx_hal_flash.h Drivers/STM32F1xx_HAL_Driver/Inc/stm32f1xx_hal_flash_ex.h Drivers/STM32F1xx_HAL_Driver/Inc/stm32f1xx_hal_pwr.h Drivers/STM32F1xx_HAL_Driver/Inc/stm32f1xx_hal_spi.h Core/Inc/spi.h Core/Inc/gpio.h Core/Src/../ssd1306/ssd1306.h Core/Src/../ssd1306/ssd1306_conf.h Core/Src/../ssd1306/ssd1306_fonts.h Core/Src/../ssd1306/ssd1306_tests.h
# automatic
# ? := Makefile Drivers/STM32F1xx_HAL_Driver/Inc/stm32f1xx_hal.h Core/Inc/stm32f1xx_hal_conf.h Drivers/STM32F1xx_HAL_Driver/Inc/stm32f1xx_hal_rcc.h Drivers/STM32F1xx_HAL_Driver/Inc/stm32f1xx_hal_def.h Drivers/CMSIS/Device/ST/STM32F1xx/Include/stm32f1xx.h Drivers/CMSIS/Device/ST/STM32F1xx/Include/stm32f103xb.h Drivers/CMSIS/Include/core_cm3.h Drivers/CMSIS/Include/cmsis_version.h Drivers/CMSIS/Include/cmsis_compiler.h Drivers/CMSIS/Include/cmsis_gcc.h Drivers/CMSIS/Device/ST/STM32F1xx/Include/system_stm32f1xx.h Drivers/STM32F1xx_HAL_Driver/Inc/Legacy/stm32_hal_legacy.h Drivers/STM32F1xx_HAL_Driver/Inc/stm32f1xx_hal_rcc_ex.h Drivers/STM32F1xx_HAL_Driver/Inc/stm32f1xx_hal_gpio.h Drivers/STM32F1xx_HAL_Driver/Inc/stm32f1xx_hal_gpio_ex.h Drivers/STM32F1xx_HAL_Driver/Inc/stm32f1xx_hal_exti.h Drivers/STM32F1xx_HAL_Driver/Inc/stm32f1xx_hal_dma.h Drivers/STM32F1xx_HAL_Driver/Inc/stm32f1xx_hal_dma_ex.h Drivers/STM32F1xx_HAL_Driver/Inc/stm32f1xx_hal_cortex.h Drivers/STM32F1xx_HAL_Driver/Inc/stm32f1xx_hal_flash.h Drivers/STM32F1xx_HAL_Driver/Inc/stm32f1xx_hal_flash_ex.h Drivers/STM32F1xx_HAL_Driver/Inc/stm32f1xx_hal_pwr.h Drivers/STM32F1xx_HAL_Driver/Inc/stm32f1xx_hal_spi.h
# automatic
# | := build
# variable set hash-table stats:
# Load=8/32=25%, Rehash=0, Collisions=4/26=15%
#  recipe to execute (from 'Makefile', line 165):
	$(CC) -c $(CFLAGS) -Wa,-a,-ad,-alms=$(BUILD_DIR)/$(notdir $(<:.c=.lst)) $< -o $@

# Not a target:
Core/ssd1306/ssd1306_tests.c:
#  Implicit rule search has not been done.
#  Modification time never checked.
#  File has not been updated.

build/stm32f1xx_hal_gpio_ex.o: Drivers/STM32F1xx_HAL_Driver/Src/stm32f1xx_hal_gpio_ex.c Drivers/STM32F1xx_HAL_Driver/Inc/stm32f1xx_hal.h Core/Inc/stm32f1xx_hal_conf.h Drivers/STM32F1xx_HAL_Driver/Inc/stm32f1xx_hal_rcc.h Drivers/STM32F1xx_HAL_Driver/Inc/stm32f1xx_hal_def.h Drivers/CMSIS/Device/ST/STM32F1xx/Include/stm32f1xx.h Drivers/CMSIS/Device/ST/STM32F1xx/Include/stm32f103xb.h Drivers/CMSIS/Include/core_cm3.h Drivers/CMSIS/Include/cmsis_version.h Drivers/CMSIS/Include/cmsis_compiler.h Drivers/CMSIS/Include/cmsis_gcc.h Drivers/CMSIS/Device/ST/STM32F1xx/Include/system_stm32f1xx.h Drivers/STM32F1xx_HAL_Driver/Inc/Legacy/stm32_hal_legacy.h Drivers/STM32F1xx_HAL_Driver/Inc/stm32f1xx_hal_rcc_ex.h Drivers/STM32F1xx_HAL_Driver/Inc/stm32f1xx_hal_gpio.h Drivers/STM32F1xx_HAL_Driver/Inc/stm32f1xx_hal_gpio_ex.h Drivers/STM32F1xx_HAL_Driver/Inc/stm32f1xx_hal_exti.h Drivers/STM32F1xx_HAL_Driver/Inc/stm32f1xx_hal_dma.h Drivers/STM32F1xx_HAL_Driver/Inc/stm32f1xx_hal_dma_ex.h Drivers/STM32F1xx_HAL_Driver/Inc/stm32f1xx_hal_cortex.h Drivers/STM32F1xx_HAL_Driver/Inc/stm32f1xx_hal_flash.h Drivers/STM32F1xx_HAL_Driver/Inc/stm32f1xx_hal_flash_ex.h Drivers/STM32F1xx_HAL_Driver/Inc/stm32f1xx_hal_pwr.h Drivers/STM32F1xx_HAL_Driver/Inc/stm32f1xx_hal_spi.h
#  Implicit rule search has not been done.
#  Modification time never checked.
#  File has not been updated.

# Not a target:
build/startup_stm32f103xb.d:
#  Implicit rule search has been done.
#  Last modified 2022-07-08 22:57:03.06791785
#  File has been updated.
#  Successfully updated.

Core/Src/../ssd1306/ssd1306.h:
#  Implicit rule search has been done.
#  Last modified 2022-07-08 22:29:45.072953876
#  File has been updated.
#  Successfully updated.

build/stm32f1xx_it.o: Core/Src/stm32f1xx_it.c Core/Inc/main.h Drivers/STM32F1xx_HAL_Driver/Inc/stm32f1xx_hal.h Core/Inc/stm32f1xx_hal_conf.h Drivers/STM32F1xx_HAL_Driver/Inc/stm32f1xx_hal_rcc.h Drivers/STM32F1xx_HAL_Driver/Inc/stm32f1xx_hal_def.h Drivers/CMSIS/Device/ST/STM32F1xx/Include/stm32f1xx.h Drivers/CMSIS/Device/ST/STM32F1xx/Include/stm32f103xb.h Drivers/CMSIS/Include/core_cm3.h Drivers/CMSIS/Include/cmsis_version.h Drivers/CMSIS/Include/cmsis_compiler.h Drivers/CMSIS/Include/cmsis_gcc.h Drivers/CMSIS/Device/ST/STM32F1xx/Include/system_stm32f1xx.h Drivers/STM32F1xx_HAL_Driver/Inc/Legacy/stm32_hal_legacy.h Drivers/STM32F1xx_HAL_Driver/Inc/stm32f1xx_hal_rcc_ex.h Drivers/STM32F1xx_HAL_Driver/Inc/stm32f1xx_hal_gpio.h Drivers/STM32F1xx_HAL_Driver/Inc/stm32f1xx_hal_gpio_ex.h Drivers/STM32F1xx_HAL_Driver/Inc/stm32f1xx_hal_exti.h Drivers/STM32F1xx_HAL_Driver/Inc/stm32f1xx_hal_dma.h Drivers/STM32F1xx_HAL_Driver/Inc/stm32f1xx_hal_dma_ex.h Drivers/STM32F1xx_HAL_Driver/Inc/stm32f1xx_hal_cortex.h Drivers/STM32F1xx_HAL_Driver/Inc/stm32f1xx_hal_flash.h Drivers/STM32F1xx_HAL_Driver/Inc/stm32f1xx_hal_flash_ex.h Drivers/STM32F1xx_HAL_Driver/Inc/stm32f1xx_hal_pwr.h Drivers/STM32F1xx_HAL_Driver/Inc/stm32f1xx_hal_spi.h Core/Inc/stm32f1xx_it.h
#  Implicit rule search has not been done.
#  Modification time never checked.
#  File has not been updated.

Drivers/CMSIS/Include/cmsis_version.h:
#  Implicit rule search has been done.
#  Last modified 2022-07-08 23:00:57.617708655
#  File has been updated.
#  Successfully updated.

Drivers/STM32F1xx_HAL_Driver/Inc/stm32f1xx_hal_rcc_ex.h:
#  Implicit rule search has been done.
#  Last modified 2022-07-08 23:00:57.611041899
#  File has been updated.
#  Successfully updated.

build/startup_stm32f103xb.o: startup_stm32f103xb.s
#  Implicit rule search has not been done.
#  Modification time never checked.
#  File has not been updated.

# files hash-table stats:
# Load=116/1024=11%, Rehash=0, Collisions=50/1304=4%
# VPATH Search Paths

vpath %.c Core/Src:Core/ssd1306:Drivers/STM32F1xx_HAL_Driver/Src

# 1 'vpath' search paths.

# No general ('VPATH' variable) search path.

# strcache buffers: 1 (0) / strings = 216 / storage = 5462 B / avg = 25 B
# current buf: size = 8162 B / used = 5462 B / count = 216 / avg = 25 B

# strcache performance: lookups = 1881 / hit rate = 88%
# hash-table stats:
# Load=216/8192=3%, Rehash=0, Collisions=0/1881=0%
# Finished Make data base on Fri Jul  8 23:15:59 2022

 
